Using pre-set license
Built from '2020.3/china_unity/release' branch; Version is '2020.3.1f1c1 (3e9f4b065a9d) revision 4104011'; Using compiler version '192528614'; Build Type 'Release'
OS: 'Windows 10 Home China; OS build 18363.1556; Version 1909; 64bit' Language: 'zh' Physical Memory: 8065 MB
BatchMode: 1, IsHumanControllingUs: 0, StartBugReporterOnCrash: 0, Is64bit: 1, IsPro: 0

 COMMAND LINE ARGUMENTS:
C:\Program Files\Unity\Hub\Editor\2020.3.1f1c1\Editor\Unity.exe
-adb2
-batchMode
-noUpm
-name
AssetImportWorker0
-projectPath
E:/Unity/Project
-logFile
Logs/AssetImportWorker0.log
-srvPort
7897
Successfully changed project path to: E:/Unity/Project
E:/Unity/Project
Using Asset Import Pipeline V2.
Refreshing native plugins compatible for Editor in 48.45 ms, found 1 plugins.
Preloading 0 native plugins for Editor in 0.00 ms.
Initialize engine version: 2020.3.1f1c1 (3e9f4b065a9d)
[Subsystems] Discovering subsystems at path C:/Program Files/Unity/Hub/Editor/2020.3.1f1c1/Editor/Data/Resources/UnitySubsystems
[Subsystems] Discovering subsystems at path E:/Unity/Project/Assets
GfxDevice: creating device client; threaded=0
Direct3D:
    Version:  Direct3D 11.0 [level 11.1]
    Renderer: NVIDIA GeForce GTX 1060 (ID=0x1c20)
    Vendor:   
    VRAM:     6052 MB
    Driver:   26.21.14.4223
Initialize mono
Mono path[0] = 'C:/Program Files/Unity/Hub/Editor/2020.3.1f1c1/Editor/Data/Managed'
Mono path[1] = 'C:/Program Files/Unity/Hub/Editor/2020.3.1f1c1/Editor/Data/MonoBleedingEdge/lib/mono/unityjit'
Mono config path = 'C:/Program Files/Unity/Hub/Editor/2020.3.1f1c1/Editor/Data/MonoBleedingEdge/etc'
Using monoOptions --debugger-agent=transport=dt_socket,embedding=1,server=y,suspend=n,address=127.0.0.1:56580
Begin MonoManager ReloadAssembly
Registering precompiled unity dll's ...
Register platform support module: C:/Program Files/Unity/Hub/Editor/2020.3.1f1c1/Editor/Data/PlaybackEngines/WindowsStandaloneSupport/UnityEditor.WindowsStandalone.Extensions.dll
Registered in 0.005802 seconds.
Native extension for WindowsStandalone target not found
Refreshing native plugins compatible for Editor in 47.55 ms, found 1 plugins.
Preloading 0 native plugins for Editor in 0.00 ms.
Invoked RoslynAnalysisRunner static constructor.
RoslynAnalysisRunner will not be running.
RoslynAnalysisRunner has terminated.
Mono: successfully reloaded assembly
- Completed reload, in  5.444 seconds
Platform modules already initialized, skipping
Registering precompiled user dll's ...
Registered in 0.003772 seconds.
Begin MonoManager ReloadAssembly
Native extension for WindowsStandalone target not found
Refreshing native plugins compatible for Editor in 52.24 ms, found 1 plugins.
Preloading 0 native plugins for Editor in 0.00 ms.
Invoked RoslynAnalysisRunner static constructor.
RoslynAnalysisRunner will not be running.
RoslynAnalysisRunner has terminated.
Mono: successfully reloaded assembly
- Completed reload, in  1.623 seconds
Platform modules already initialized, skipping
========================================================================
Worker process is ready to serve import requests
Launched and connected shader compiler UnityShaderCompiler.exe after 0.10 seconds
Refreshing native plugins compatible for Editor in 1.25 ms, found 1 plugins.
Preloading 0 native plugins for Editor in 0.00 ms.
Unloading 2079 Unused Serialized files (Serialized files now loaded: 0)
System memory in use before: 95.1 MB.
System memory in use after: 95.2 MB.

Unloading 25 unused Assets to reduce memory usage. Loaded Objects now: 2522.
Total: 4.680200 ms (FindLiveObjects: 0.800700 ms CreateObjectMapping: 0.387400 ms MarkObjects: 3.393300 ms  DeleteObjects: 0.096600 ms)

========================================================================
Received Import Request.
  path: Assets/Animation/Run.anim
  artifactKey: Guid(6db323c62bf718f4891da0d732cfc7e3) Importer(815301076,1909f56bfc062723c751e8b465ee728b)
Start importing Assets/Animation/Run.anim using Guid(6db323c62bf718f4891da0d732cfc7e3) Importer(815301076,1909f56bfc062723c751e8b465ee728b)  -> (artifact id: '873d3391139669fa6d644a6cf30a321b') in 0.073134 seconds
  Import took 0.079208 seconds .

========================================================================
Received Import Request.
  Time since last request: 0.000292 seconds.
  path: Assets/Sprites/Box.prefab
  artifactKey: Guid(a241ecc5a606a8b4da525bdfc6bdb3d0) Importer(815301076,1909f56bfc062723c751e8b465ee728b)
Start importing Assets/Sprites/Box.prefab using Guid(a241ecc5a606a8b4da525bdfc6bdb3d0) Importer(815301076,1909f56bfc062723c751e8b465ee728b)  -> (artifact id: 'cfe45d75e15aefbce820fc8993d9499e') in 0.022141 seconds
  Import took 0.026895 seconds .

========================================================================
Received Import Request.
  Time since last request: 12.308558 seconds.
  path: Assets/Animation/Rifle.controller
  artifactKey: Guid(30e0dc6ef3443004dbd069b58eeb6b28) Importer(815301076,1909f56bfc062723c751e8b465ee728b)
Start importing Assets/Animation/Rifle.controller using Guid(30e0dc6ef3443004dbd069b58eeb6b28) Importer(815301076,1909f56bfc062723c751e8b465ee728b)  -> (artifact id: 'df557f75b49ef27795f13654fb9aed23') in 0.007154 seconds
  Import took 0.011028 seconds .

========================================================================
Received Import Request.
  Time since last request: 6.377772 seconds.
  path: Assets/Animation/Rifle.anim
  artifactKey: Guid(aa743d1d69a4bf544b6c54a4af1ff7e2) Importer(815301076,1909f56bfc062723c751e8b465ee728b)
Start importing Assets/Animation/Rifle.anim using Guid(aa743d1d69a4bf544b6c54a4af1ff7e2) Importer(815301076,1909f56bfc062723c751e8b465ee728b)  -> (artifact id: 'e32083a67709572f13e171f72ebc397e') in 0.003246 seconds
  Import took 0.016826 seconds .

========================================================================
Received Import Request.
  Time since last request: 23.789270 seconds.
  path: Assets/Animation/Idle.anim
  artifactKey: Guid(24ccda8248db96549a36429b58a83889) Importer(815301076,1909f56bfc062723c751e8b465ee728b)
Start importing Assets/Animation/Idle.anim using Guid(24ccda8248db96549a36429b58a83889) Importer(815301076,1909f56bfc062723c751e8b465ee728b)  -> (artifact id: 'd29edfe3ffaabfc7a910501145bf8fab') in 0.005310 seconds
  Import took 0.010138 seconds .

========================================================================
Received Import Request.
  Time since last request: 0.005070 seconds.
  path: Assets/Animation/Idle.anim
  artifactKey: Guid(24ccda8248db96549a36429b58a83889) Importer(815301076,1909f56bfc062723c751e8b465ee728b)
Start importing Assets/Animation/Idle.anim using Guid(24ccda8248db96549a36429b58a83889) Importer(815301076,1909f56bfc062723c751e8b465ee728b)  -> (artifact id: 'd29edfe3ffaabfc7a910501145bf8fab') in 0.003337 seconds
  Import took 0.007485 seconds .

========================================================================
Received Prepare
Registering precompiled user dll's ...
Registered in 0.003110 seconds.
Begin MonoManager ReloadAssembly
Native extension for WindowsStandalone target not found
Refreshing native plugins compatible for Editor in 2.40 ms, found 1 plugins.
Preloading 0 native plugins for Editor in 0.00 ms.
Invoked RoslynAnalysisRunner static constructor.
RoslynAnalysisRunner will not be running.
RoslynAnalysisRunner has terminated.
Mono: successfully reloaded assembly
- Completed reload, in  1.313 seconds
Platform modules already initialized, skipping
Refreshing native plugins compatible for Editor in 0.42 ms, found 1 plugins.
Preloading 0 native plugins for Editor in 0.00 ms.
Unloading 2069 Unused Serialized files (Serialized files now loaded: 0)
System memory in use before: 94.7 MB.
System memory in use after: 94.8 MB.

Unloading 13 unused Assets to reduce memory usage. Loaded Objects now: 2526.
Total: 2.205700 ms (FindLiveObjects: 0.207600 ms CreateObjectMapping: 0.066300 ms MarkObjects: 1.910400 ms  DeleteObjects: 0.019900 ms)

========================================================================
Received Prepare
Registering precompiled user dll's ...
Registered in 0.003159 seconds.
Begin MonoManager ReloadAssembly
Native extension for WindowsStandalone target not found
Refreshing native plugins compatible for Editor in 0.40 ms, found 1 plugins.
Preloading 0 native plugins for Editor in 0.00 ms.
Invoked RoslynAnalysisRunner static constructor.
RoslynAnalysisRunner will not be running.
RoslynAnalysisRunner has terminated.
Mono: successfully reloaded assembly
- Completed reload, in  1.028 seconds
Platform modules already initialized, skipping
Refreshing native plugins compatible for Editor in 0.40 ms, found 1 plugins.
Preloading 0 native plugins for Editor in 0.00 ms.
Unloading 2069 Unused Serialized files (Serialized files now loaded: 0)
System memory in use before: 94.7 MB.
System memory in use after: 94.8 MB.

Unloading 13 unused Assets to reduce memory usage. Loaded Objects now: 2530.
Total: 2.275500 ms (FindLiveObjects: 0.204800 ms CreateObjectMapping: 0.084000 ms MarkObjects: 1.968500 ms  DeleteObjects: 0.017500 ms)

========================================================================
Received Prepare
Registering precompiled user dll's ...
Registered in 0.003109 seconds.
Begin MonoManager ReloadAssembly
Native extension for WindowsStandalone target not found
Refreshing native plugins compatible for Editor in 0.39 ms, found 1 plugins.
Preloading 0 native plugins for Editor in 0.00 ms.
Invoked RoslynAnalysisRunner static constructor.
RoslynAnalysisRunner will not be running.
RoslynAnalysisRunner has terminated.
Mono: successfully reloaded assembly
- Completed reload, in  1.045 seconds
Platform modules already initialized, skipping
Refreshing native plugins compatible for Editor in 0.40 ms, found 1 plugins.
Preloading 0 native plugins for Editor in 0.00 ms.
Unloading 2069 Unused Serialized files (Serialized files now loaded: 0)
System memory in use before: 94.7 MB.
System memory in use after: 94.9 MB.

Unloading 13 unused Assets to reduce memory usage. Loaded Objects now: 2534.
Total: 2.034600 ms (FindLiveObjects: 0.195200 ms CreateObjectMapping: 0.078100 ms MarkObjects: 1.745200 ms  DeleteObjects: 0.015200 ms)

========================================================================
Received Import Request.
  Time since last request: 3708.637894 seconds.
  path: Assets/Animation/Lasergun.controller
  artifactKey: Guid(fa55ba860df9e3546858faeea92f5294) Importer(815301076,1909f56bfc062723c751e8b465ee728b)
Start importing Assets/Animation/Lasergun.controller using Guid(fa55ba860df9e3546858faeea92f5294) Importer(815301076,1909f56bfc062723c751e8b465ee728b)  -> (artifact id: 'cf8abca340ba5c2fbbce00d67e45f7b3') in 0.015150 seconds
  Import took 0.020391 seconds .

========================================================================
Received Import Request.
  Time since last request: 0.373028 seconds.
  path: Assets/Animation/LasergunNormal.anim
  artifactKey: Guid(899941f0a09959c40b6b45f8d9c8c8b5) Importer(815301076,1909f56bfc062723c751e8b465ee728b)
Start importing Assets/Animation/LasergunNormal.anim using Guid(899941f0a09959c40b6b45f8d9c8c8b5) Importer(815301076,1909f56bfc062723c751e8b465ee728b)  -> (artifact id: '875fe399f3baa9959721a71f9002d417') in 0.004322 seconds
  Import took 0.018891 seconds .

========================================================================
Received Import Request.
  Time since last request: 0.000901 seconds.
  path: Assets/Animation/LasergunNormal.anim
  artifactKey: Guid(899941f0a09959c40b6b45f8d9c8c8b5) Importer(815301076,1909f56bfc062723c751e8b465ee728b)
Start importing Assets/Animation/LasergunNormal.anim using Guid(899941f0a09959c40b6b45f8d9c8c8b5) Importer(815301076,1909f56bfc062723c751e8b465ee728b)  -> (artifact id: '875fe399f3baa9959721a71f9002d417') in 0.002491 seconds
  Import took 0.005627 seconds .

========================================================================
Received Import Request.
  Time since last request: 2.045508 seconds.
  path: Assets/Animation/Explosion.controller
  artifactKey: Guid(3a0df69f1f7d5a845b72f22d108e0dc6) Importer(815301076,1909f56bfc062723c751e8b465ee728b)
Start importing Assets/Animation/Explosion.controller using Guid(3a0df69f1f7d5a845b72f22d108e0dc6) Importer(815301076,1909f56bfc062723c751e8b465ee728b)  -> (artifact id: 'dba022f539c627f3b38ca9a754d0c510') in 0.003942 seconds
  Import took 0.008222 seconds .

========================================================================
Received Import Request.
  Time since last request: 0.001618 seconds.
  path: Assets/Animation/Explosion.controller
  artifactKey: Guid(3a0df69f1f7d5a845b72f22d108e0dc6) Importer(815301076,1909f56bfc062723c751e8b465ee728b)
Start importing Assets/Animation/Explosion.controller using Guid(3a0df69f1f7d5a845b72f22d108e0dc6) Importer(815301076,1909f56bfc062723c751e8b465ee728b)  -> (artifact id: 'dba022f539c627f3b38ca9a754d0c510') in 0.003192 seconds
  Import took 0.007412 seconds .

========================================================================
Received Import Request.
  Time since last request: 0.331712 seconds.
  path: Assets/Animation/Explosion.anim
  artifactKey: Guid(66ec254f8a0a071489893ac78a684688) Importer(815301076,1909f56bfc062723c751e8b465ee728b)
Start importing Assets/Animation/Explosion.anim using Guid(66ec254f8a0a071489893ac78a684688) Importer(815301076,1909f56bfc062723c751e8b465ee728b)  -> (artifact id: 'fadb606dc535e31642b0afaf3580a2d0') in 0.003357 seconds
  Import took 0.018653 seconds .

========================================================================
Received Import Request.
  Time since last request: 0.984614 seconds.
  path: Assets/Animation/Lasergun.anim
  artifactKey: Guid(5a524b887aba830458eca8f6a8ee11c6) Importer(815301076,1909f56bfc062723c751e8b465ee728b)
Start importing Assets/Animation/Lasergun.anim using Guid(5a524b887aba830458eca8f6a8ee11c6) Importer(815301076,1909f56bfc062723c751e8b465ee728b)  -> (artifact id: '92295d8ef6853eceb4fdf1881c76a8c6') in 0.005570 seconds
  Import took 0.019444 seconds .

========================================================================
Received Prepare
Registering precompiled user dll's ...
Registered in 0.003161 seconds.
Begin MonoManager ReloadAssembly
Native extension for WindowsStandalone target not found
Refreshing native plugins compatible for Editor in 0.44 ms, found 1 plugins.
Preloading 0 native plugins for Editor in 0.00 ms.
Invoked RoslynAnalysisRunner static constructor.
RoslynAnalysisRunner will not be running.
RoslynAnalysisRunner has terminated.
Mono: successfully reloaded assembly
- Completed reload, in  1.068 seconds
Platform modules already initialized, skipping
Refreshing native plugins compatible for Editor in 0.38 ms, found 1 plugins.
Preloading 0 native plugins for Editor in 0.00 ms.
Unloading 2069 Unused Serialized files (Serialized files now loaded: 0)
System memory in use before: 94.8 MB.
System memory in use after: 94.9 MB.

Unloading 13 unused Assets to reduce memory usage. Loaded Objects now: 2538.
Total: 2.262000 ms (FindLiveObjects: 0.205500 ms CreateObjectMapping: 0.084400 ms MarkObjects: 1.954800 ms  DeleteObjects: 0.016400 ms)

========================================================================
Received Prepare
Registering precompiled user dll's ...
Registered in 0.005388 seconds.
Begin MonoManager ReloadAssembly
Native extension for WindowsStandalone target not found
Refreshing native plugins compatible for Editor in 1.30 ms, found 1 plugins.
Preloading 0 native plugins for Editor in 0.00 ms.
Invoked RoslynAnalysisRunner static constructor.
RoslynAnalysisRunner will not be running.
RoslynAnalysisRunner has terminated.
Mono: successfully reloaded assembly
- Completed reload, in  1.215 seconds
Platform modules already initialized, skipping
Refreshing native plugins compatible for Editor in 0.40 ms, found 1 plugins.
Preloading 0 native plugins for Editor in 0.00 ms.
Unloading 2069 Unused Serialized files (Serialized files now loaded: 0)
System memory in use before: 94.8 MB.
System memory in use after: 94.9 MB.

Unloading 13 unused Assets to reduce memory usage. Loaded Objects now: 2542.
Total: 2.142200 ms (FindLiveObjects: 0.219200 ms CreateObjectMapping: 0.071100 ms MarkObjects: 1.835100 ms  DeleteObjects: 0.016000 ms)

========================================================================
Received Prepare
Registering precompiled user dll's ...
Registered in 0.003070 seconds.
Begin MonoManager ReloadAssembly
Native extension for WindowsStandalone target not found
Refreshing native plugins compatible for Editor in 0.60 ms, found 1 plugins.
Preloading 0 native plugins for Editor in 0.00 ms.
Invoked RoslynAnalysisRunner static constructor.
RoslynAnalysisRunner will not be running.
RoslynAnalysisRunner has terminated.
Mono: successfully reloaded assembly
- Completed reload, in  1.386 seconds
Platform modules already initialized, skipping
Refreshing native plugins compatible for Editor in 0.74 ms, found 1 plugins.
Preloading 0 native plugins for Editor in 0.00 ms.
Unloading 2069 Unused Serialized files (Serialized files now loaded: 0)
System memory in use before: 94.8 MB.
System memory in use after: 94.9 MB.

Unloading 13 unused Assets to reduce memory usage. Loaded Objects now: 2546.
Total: 3.563900 ms (FindLiveObjects: 0.343300 ms CreateObjectMapping: 0.121800 ms MarkObjects: 3.071800 ms  DeleteObjects: 0.025300 ms)

========================================================================
Received Import Request.
  Time since last request: 750.881234 seconds.
  path: Assets/Animation
  artifactKey: Guid(723976ec3d2198b47ae0ac77bdf9bac2) Importer(815301076,1909f56bfc062723c751e8b465ee728b)
Start importing Assets/Animation using Guid(723976ec3d2198b47ae0ac77bdf9bac2) Importer(815301076,1909f56bfc062723c751e8b465ee728b)  -> (artifact id: '5b29a36b7463ec85f2dd87bd220c33ee') in 0.006656 seconds
  Import took 0.011939 seconds .

========================================================================
Received Import Request.
  Time since last request: 5.293262 seconds.
  path: Assets/Animation/Player
  artifactKey: Guid(4430f2008b269654b863d6b990009c15) Importer(815301076,1909f56bfc062723c751e8b465ee728b)
Start importing Assets/Animation/Player using Guid(4430f2008b269654b863d6b990009c15) Importer(815301076,1909f56bfc062723c751e8b465ee728b)  -> (artifact id: 'eb36d6f90e6c8422d00baa67ed169f57') in 0.002009 seconds
  Import took 0.016297 seconds .

========================================================================
Received Import Request.
  Time since last request: 49.918725 seconds.
  path: Assets/Animation/Player/player.controller
  artifactKey: Guid(47bc9c52b0275a942a9a4db7dc330eec) Importer(815301076,1909f56bfc062723c751e8b465ee728b)
Start importing Assets/Animation/Player/player.controller using Guid(47bc9c52b0275a942a9a4db7dc330eec) Importer(815301076,1909f56bfc062723c751e8b465ee728b)  -> (artifact id: '1d3d7af4564142b4719fe1f34d4cf945') in 0.012521 seconds
  Import took 0.016424 seconds .

========================================================================
Received Import Request.
  Time since last request: 0.003803 seconds.
  path: Assets/Animation/Player/player.controller
  artifactKey: Guid(47bc9c52b0275a942a9a4db7dc330eec) Importer(815301076,1909f56bfc062723c751e8b465ee728b)
Start importing Assets/Animation/Player/player.controller using Guid(47bc9c52b0275a942a9a4db7dc330eec) Importer(815301076,1909f56bfc062723c751e8b465ee728b)  -> (artifact id: '1d3d7af4564142b4719fe1f34d4cf945') in 0.002395 seconds
  Import took 0.005786 seconds .

========================================================================
Received Prepare
Registering precompiled user dll's ...
Registered in 0.003314 seconds.
Begin MonoManager ReloadAssembly
Native extension for WindowsStandalone target not found
Refreshing native plugins compatible for Editor in 0.41 ms, found 1 plugins.
Preloading 0 native plugins for Editor in 0.00 ms.
Invoked RoslynAnalysisRunner static constructor.
RoslynAnalysisRunner will not be running.
RoslynAnalysisRunner has terminated.
Mono: successfully reloaded assembly
- Completed reload, in  1.028 seconds
Platform modules already initialized, skipping
Refreshing native plugins compatible for Editor in 0.39 ms, found 1 plugins.
Preloading 0 native plugins for Editor in 0.00 ms.
Unloading 2069 Unused Serialized files (Serialized files now loaded: 0)
System memory in use before: 94.8 MB.
System memory in use after: 94.9 MB.

Unloading 13 unused Assets to reduce memory usage. Loaded Objects now: 2550.
Total: 2.037500 ms (FindLiveObjects: 0.234100 ms CreateObjectMapping: 0.070200 ms MarkObjects: 1.717400 ms  DeleteObjects: 0.014900 ms)

========================================================================
Received Prepare
Registering precompiled user dll's ...
Registered in 0.003094 seconds.
Begin MonoManager ReloadAssembly
Native extension for WindowsStandalone target not found
Refreshing native plugins compatible for Editor in 0.40 ms, found 1 plugins.
Preloading 0 native plugins for Editor in 0.00 ms.
Invoked RoslynAnalysisRunner static constructor.
RoslynAnalysisRunner will not be running.
RoslynAnalysisRunner has terminated.
Mono: successfully reloaded assembly
- Completed reload, in  1.053 seconds
Platform modules already initialized, skipping
Refreshing native plugins compatible for Editor in 0.40 ms, found 1 plugins.
Preloading 0 native plugins for Editor in 0.00 ms.
Unloading 2069 Unused Serialized files (Serialized files now loaded: 0)
System memory in use before: 94.8 MB.
System memory in use after: 94.9 MB.

Unloading 13 unused Assets to reduce memory usage. Loaded Objects now: 2554.
Total: 2.257900 ms (FindLiveObjects: 0.233900 ms CreateObjectMapping: 0.086100 ms MarkObjects: 1.921500 ms  DeleteObjects: 0.015700 ms)

========================================================================
Received Prepare
Registering precompiled user dll's ...
Registered in 0.003151 seconds.
Begin MonoManager ReloadAssembly
Native extension for WindowsStandalone target not found
Refreshing native plugins compatible for Editor in 0.39 ms, found 1 plugins.
Preloading 0 native plugins for Editor in 0.00 ms.
Invoked RoslynAnalysisRunner static constructor.
RoslynAnalysisRunner will not be running.
RoslynAnalysisRunner has terminated.
Mono: successfully reloaded assembly
- Completed reload, in  1.050 seconds
Platform modules already initialized, skipping
Refreshing native plugins compatible for Editor in 0.39 ms, found 1 plugins.
Preloading 0 native plugins for Editor in 0.00 ms.
Unloading 2069 Unused Serialized files (Serialized files now loaded: 0)
System memory in use before: 94.8 MB.
System memory in use after: 94.9 MB.

Unloading 13 unused Assets to reduce memory usage. Loaded Objects now: 2558.
Total: 2.114800 ms (FindLiveObjects: 0.196700 ms CreateObjectMapping: 0.078500 ms MarkObjects: 1.821800 ms  DeleteObjects: 0.016900 ms)

========================================================================
Received Prepare
Registering precompiled user dll's ...
Registered in 0.003083 seconds.
Begin MonoManager ReloadAssembly
Native extension for WindowsStandalone target not found
Refreshing native plugins compatible for Editor in 0.42 ms, found 1 plugins.
Preloading 0 native plugins for Editor in 0.00 ms.
Invoked RoslynAnalysisRunner static constructor.
RoslynAnalysisRunner will not be running.
RoslynAnalysisRunner has terminated.
Mono: successfully reloaded assembly
- Completed reload, in  1.047 seconds
Platform modules already initialized, skipping
Refreshing native plugins compatible for Editor in 0.41 ms, found 1 plugins.
Preloading 0 native plugins for Editor in 0.00 ms.
Unloading 2069 Unused Serialized files (Serialized files now loaded: 0)
System memory in use before: 94.8 MB.
System memory in use after: 94.9 MB.

Unloading 13 unused Assets to reduce memory usage. Loaded Objects now: 2562.
Total: 2.106600 ms (FindLiveObjects: 0.273000 ms CreateObjectMapping: 0.085600 ms MarkObjects: 1.732200 ms  DeleteObjects: 0.015200 ms)

========================================================================
Received Prepare
Registering precompiled user dll's ...
Registered in 0.003201 seconds.
Begin MonoManager ReloadAssembly
Native extension for WindowsStandalone target not found
Refreshing native plugins compatible for Editor in 0.42 ms, found 1 plugins.
Preloading 0 native plugins for Editor in 0.00 ms.
Invoked RoslynAnalysisRunner static constructor.
RoslynAnalysisRunner will not be running.
RoslynAnalysisRunner has terminated.
Mono: successfully reloaded assembly
- Completed reload, in  1.000 seconds
Platform modules already initialized, skipping
Refreshing native plugins compatible for Editor in 0.41 ms, found 1 plugins.
Preloading 0 native plugins for Editor in 0.00 ms.
Unloading 2069 Unused Serialized files (Serialized files now loaded: 0)
System memory in use before: 94.8 MB.
System memory in use after: 95.0 MB.

Unloading 13 unused Assets to reduce memory usage. Loaded Objects now: 2566.
Total: 2.273900 ms (FindLiveObjects: 0.197400 ms CreateObjectMapping: 0.085800 ms MarkObjects: 1.959400 ms  DeleteObjects: 0.014600 ms)

========================================================================
Received Prepare
Registering precompiled user dll's ...
Registered in 0.003694 seconds.
Begin MonoManager ReloadAssembly
Native extension for WindowsStandalone target not found
Refreshing native plugins compatible for Editor in 0.44 ms, found 1 plugins.
Preloading 0 native plugins for Editor in 0.00 ms.
Invoked RoslynAnalysisRunner static constructor.
RoslynAnalysisRunner will not be running.
RoslynAnalysisRunner has terminated.
Mono: successfully reloaded assembly
- Completed reload, in  1.049 seconds
Platform modules already initialized, skipping
Refreshing native plugins compatible for Editor in 0.39 ms, found 1 plugins.
Preloading 0 native plugins for Editor in 0.00 ms.
Unloading 2069 Unused Serialized files (Serialized files now loaded: 0)
System memory in use before: 94.8 MB.
System memory in use after: 95.0 MB.

Unloading 13 unused Assets to reduce memory usage. Loaded Objects now: 2570.
Total: 2.407300 ms (FindLiveObjects: 0.309500 ms CreateObjectMapping: 0.095200 ms MarkObjects: 1.896100 ms  DeleteObjects: 0.105600 ms)

========================================================================
Received Prepare
Registering precompiled user dll's ...
Registered in 0.003198 seconds.
Begin MonoManager ReloadAssembly
Native extension for WindowsStandalone target not found
Refreshing native plugins compatible for Editor in 0.40 ms, found 1 plugins.
Preloading 0 native plugins for Editor in 0.00 ms.
Invoked RoslynAnalysisRunner static constructor.
RoslynAnalysisRunner will not be running.
RoslynAnalysisRunner has terminated.
Mono: successfully reloaded assembly
- Completed reload, in  1.139 seconds
Platform modules already initialized, skipping
Refreshing native plugins compatible for Editor in 0.40 ms, found 1 plugins.
Preloading 0 native plugins for Editor in 0.00 ms.
Unloading 2069 Unused Serialized files (Serialized files now loaded: 0)
System memory in use before: 94.9 MB.
System memory in use after: 95.0 MB.

Unloading 13 unused Assets to reduce memory usage. Loaded Objects now: 2574.
Total: 2.789500 ms (FindLiveObjects: 0.273100 ms CreateObjectMapping: 0.083200 ms MarkObjects: 2.410600 ms  DeleteObjects: 0.021300 ms)

========================================================================
Received Prepare
Registering precompiled user dll's ...
Registered in 0.003049 seconds.
Begin MonoManager ReloadAssembly
Native extension for WindowsStandalone target not found
Refreshing native plugins compatible for Editor in 0.39 ms, found 1 plugins.
Preloading 0 native plugins for Editor in 0.00 ms.
Invoked RoslynAnalysisRunner static constructor.
RoslynAnalysisRunner will not be running.
RoslynAnalysisRunner has terminated.
Mono: successfully reloaded assembly
- Completed reload, in  1.082 seconds
Platform modules already initialized, skipping
Refreshing native plugins compatible for Editor in 0.39 ms, found 1 plugins.
Preloading 0 native plugins for Editor in 0.00 ms.
Unloading 2069 Unused Serialized files (Serialized files now loaded: 0)
System memory in use before: 94.9 MB.
System memory in use after: 95.0 MB.

Unloading 13 unused Assets to reduce memory usage. Loaded Objects now: 2578.
Total: 2.376700 ms (FindLiveObjects: 0.238900 ms CreateObjectMapping: 0.068200 ms MarkObjects: 2.051100 ms  DeleteObjects: 0.017600 ms)

========================================================================
Received Prepare
Registering precompiled user dll's ...
Registered in 0.003232 seconds.
Begin MonoManager ReloadAssembly
Native extension for WindowsStandalone target not found
Refreshing native plugins compatible for Editor in 0.45 ms, found 1 plugins.
Preloading 0 native plugins for Editor in 0.00 ms.
Invoked RoslynAnalysisRunner static constructor.
RoslynAnalysisRunner will not be running.
RoslynAnalysisRunner has terminated.
Mono: successfully reloaded assembly
- Completed reload, in  1.075 seconds
Platform modules already initialized, skipping
Refreshing native plugins compatible for Editor in 0.48 ms, found 1 plugins.
Preloading 0 native plugins for Editor in 0.00 ms.
Unloading 2069 Unused Serialized files (Serialized files now loaded: 0)
System memory in use before: 94.9 MB.
System memory in use after: 95.0 MB.

Unloading 13 unused Assets to reduce memory usage. Loaded Objects now: 2582.
Total: 2.140700 ms (FindLiveObjects: 0.231900 ms CreateObjectMapping: 0.065300 ms MarkObjects: 1.827100 ms  DeleteObjects: 0.015500 ms)

========================================================================
Received Prepare
Registering precompiled user dll's ...
Registered in 0.003079 seconds.
Begin MonoManager ReloadAssembly
Native extension for WindowsStandalone target not found
Refreshing native plugins compatible for Editor in 0.41 ms, found 1 plugins.
Preloading 0 native plugins for Editor in 0.00 ms.
Invoked RoslynAnalysisRunner static constructor.
RoslynAnalysisRunner will not be running.
RoslynAnalysisRunner has terminated.
Mono: successfully reloaded assembly
- Completed reload, in  1.023 seconds
Platform modules already initialized, skipping
Refreshing native plugins compatible for Editor in 0.43 ms, found 1 plugins.
Preloading 0 native plugins for Editor in 0.00 ms.
Unloading 2069 Unused Serialized files (Serialized files now loaded: 0)
System memory in use before: 94.9 MB.
System memory in use after: 95.0 MB.

Unloading 13 unused Assets to reduce memory usage. Loaded Objects now: 2586.
Total: 2.375500 ms (FindLiveObjects: 0.287800 ms CreateObjectMapping: 0.070600 ms MarkObjects: 1.998800 ms  DeleteObjects: 0.016800 ms)

========================================================================
Received Prepare
Registering precompiled user dll's ...
Registered in 0.003426 seconds.
Begin MonoManager ReloadAssembly
Native extension for WindowsStandalone target not found
Refreshing native plugins compatible for Editor in 0.39 ms, found 1 plugins.
Preloading 0 native plugins for Editor in 0.00 ms.
Invoked RoslynAnalysisRunner static constructor.
RoslynAnalysisRunner will not be running.
RoslynAnalysisRunner has terminated.
Mono: successfully reloaded assembly
- Completed reload, in  1.041 seconds
Platform modules already initialized, skipping
Refreshing native plugins compatible for Editor in 0.39 ms, found 1 plugins.
Preloading 0 native plugins for Editor in 0.00 ms.
Unloading 2069 Unused Serialized files (Serialized files now loaded: 0)
System memory in use before: 94.9 MB.
System memory in use after: 95.0 MB.

Unloading 13 unused Assets to reduce memory usage. Loaded Objects now: 2590.
Total: 2.370800 ms (FindLiveObjects: 0.241900 ms CreateObjectMapping: 0.089200 ms MarkObjects: 2.022100 ms  DeleteObjects: 0.016600 ms)

========================================================================
Received Prepare
Registering precompiled user dll's ...
Registered in 0.003093 seconds.
Begin MonoManager ReloadAssembly
Native extension for WindowsStandalone target not found
Refreshing native plugins compatible for Editor in 0.39 ms, found 1 plugins.
Preloading 0 native plugins for Editor in 0.00 ms.
Invoked RoslynAnalysisRunner static constructor.
RoslynAnalysisRunner will not be running.
RoslynAnalysisRunner has terminated.
Mono: successfully reloaded assembly
- Completed reload, in  1.017 seconds
Platform modules already initialized, skipping
Refreshing native plugins compatible for Editor in 0.41 ms, found 1 plugins.
Preloading 0 native plugins for Editor in 0.00 ms.
Unloading 2069 Unused Serialized files (Serialized files now loaded: 0)
System memory in use before: 94.9 MB.
System memory in use after: 95.0 MB.

Unloading 13 unused Assets to reduce memory usage. Loaded Objects now: 2594.
Total: 2.271000 ms (FindLiveObjects: 0.228000 ms CreateObjectMapping: 0.079500 ms MarkObjects: 1.947100 ms  DeleteObjects: 0.015200 ms)

========================================================================
Received Import Request.
  Time since last request: 1651.385293 seconds.
  path: Assets/tile/2.png
  artifactKey: Guid(034862e51517f8c4c920a38a4ca46a92) Importer(815301076,1909f56bfc062723c751e8b465ee728b)
Start importing Assets/tile/2.png using Guid(034862e51517f8c4c920a38a4ca46a92) Importer(815301076,1909f56bfc062723c751e8b465ee728b)  -> (artifact id: '6d41f74e974d65c27b01d8e6e85053c1') in 0.142281 seconds
  Import took 0.146928 seconds .

========================================================================
Received Import Request.
  Time since last request: 6.567559 seconds.
  path: Assets/tile/2.asset
  artifactKey: Guid(0b8b35f2449364344aace5de43ae67f9) Importer(815301076,1909f56bfc062723c751e8b465ee728b)
Start importing Assets/tile/2.asset using Guid(0b8b35f2449364344aace5de43ae67f9) Importer(815301076,1909f56bfc062723c751e8b465ee728b)  -> (artifact id: 'e951aaa086ceef49764ce0e7952eb495') in 0.031381 seconds
  Import took 0.035293 seconds .

========================================================================
Received Import Request.
  Time since last request: 16.554445 seconds.
  path: Assets/tile/2.png
  artifactKey: Guid(034862e51517f8c4c920a38a4ca46a92) Importer(815301076,1909f56bfc062723c751e8b465ee728b)
Start importing Assets/tile/2.png using Guid(034862e51517f8c4c920a38a4ca46a92) Importer(815301076,1909f56bfc062723c751e8b465ee728b)  -> (artifact id: 'aeb77bd6653a084c18b19bb187bc7c62') in 0.006535 seconds
  Import took 0.011466 seconds .

========================================================================
Received Import Request.
  Time since last request: 0.001942 seconds.
  path: Assets/tile/2.png
  artifactKey: Guid(034862e51517f8c4c920a38a4ca46a92) Importer(815301076,1909f56bfc062723c751e8b465ee728b)
Start importing Assets/tile/2.png using Guid(034862e51517f8c4c920a38a4ca46a92) Importer(815301076,1909f56bfc062723c751e8b465ee728b)  -> (artifact id: 'aeb77bd6653a084c18b19bb187bc7c62') in 0.007102 seconds
  Import took 0.011586 seconds .

========================================================================
Received Prepare
Registering precompiled user dll's ...
Registered in 0.003054 seconds.
Begin MonoManager ReloadAssembly
Native extension for WindowsStandalone target not found
Refreshing native plugins compatible for Editor in 0.43 ms, found 1 plugins.
Preloading 0 native plugins for Editor in 0.00 ms.
Invoked RoslynAnalysisRunner static constructor.
RoslynAnalysisRunner will not be running.
RoslynAnalysisRunner has terminated.
Mono: successfully reloaded assembly
- Completed reload, in  1.114 seconds
Platform modules already initialized, skipping
Refreshing native plugins compatible for Editor in 0.43 ms, found 1 plugins.
Preloading 0 native plugins for Editor in 0.00 ms.
Unloading 2069 Unused Serialized files (Serialized files now loaded: 0)
System memory in use before: 97.9 MB.
System memory in use after: 98.0 MB.

Unloading 13 unused Assets to reduce memory usage. Loaded Objects now: 2606.
Total: 2.325100 ms (FindLiveObjects: 0.222200 ms CreateObjectMapping: 0.084000 ms MarkObjects: 1.996300 ms  DeleteObjects: 0.021300 ms)

========================================================================
Received Import Request.
  Time since last request: 1182.842339 seconds.
  path: Assets/tile/Materials
  artifactKey: Guid(dc227cc4f1ced3f42b4630282c268e9d) Importer(815301076,1909f56bfc062723c751e8b465ee728b)
Start importing Assets/tile/Materials using Guid(dc227cc4f1ced3f42b4630282c268e9d) Importer(815301076,1909f56bfc062723c751e8b465ee728b)  -> (artifact id: '3dcb9368ba7cfdaf254f65d24e7dfb61') in 0.007747 seconds
  Import took 0.023190 seconds .

========================================================================
Received Import Request.
  Time since last request: 0.078759 seconds.
  path: Assets/tile/Materials/sokoban_spritesheet 1.mat
  artifactKey: Guid(ea6381b91f0f30c419766bcd34fd975b) Importer(815301076,1909f56bfc062723c751e8b465ee728b)
Start importing Assets/tile/Materials/sokoban_spritesheet 1.mat using Guid(ea6381b91f0f30c419766bcd34fd975b) Importer(815301076,1909f56bfc062723c751e8b465ee728b)  -> (artifact id: '5c27711a744ace9cc69b8e707b3b485f') in 0.094276 seconds
  Import took 0.099435 seconds .

========================================================================
Received Import Request.
  Time since last request: 515.252559 seconds.
  path: ProjectSettings/TagManager.asset
  artifactKey: Guid(00000000000000003000000000000000) Importer(815301076,1909f56bfc062723c751e8b465ee728b)
Start importing ProjectSettings/TagManager.asset using Guid(00000000000000003000000000000000) Importer(815301076,1909f56bfc062723c751e8b465ee728b)  -> (artifact id: '6dc72b1c3c481fb814cd49a2b5fdc1b6') in 0.006716 seconds
  Import took 0.011330 seconds .

========================================================================
Received Import Request.
  Time since last request: 0.005018 seconds.
  path: ProjectSettings/TagManager.asset
  artifactKey: Guid(00000000000000003000000000000000) Importer(815301076,1909f56bfc062723c751e8b465ee728b)
Start importing ProjectSettings/TagManager.asset using Guid(00000000000000003000000000000000) Importer(815301076,1909f56bfc062723c751e8b465ee728b)  -> (artifact id: '6dc72b1c3c481fb814cd49a2b5fdc1b6') in 0.003276 seconds
  Import took 0.006613 seconds .

========================================================================
Received Prepare
Registering precompiled user dll's ...
Registered in 0.004349 seconds.
Begin MonoManager ReloadAssembly
Native extension for WindowsStandalone target not found
Refreshing native plugins compatible for Editor in 0.85 ms, found 1 plugins.
Preloading 0 native plugins for Editor in 0.00 ms.
Invoked RoslynAnalysisRunner static constructor.
RoslynAnalysisRunner will not be running.
RoslynAnalysisRunner has terminated.
Mono: successfully reloaded assembly
- Completed reload, in  1.316 seconds
Platform modules already initialized, skipping
Refreshing native plugins compatible for Editor in 0.44 ms, found 1 plugins.
Preloading 0 native plugins for Editor in 0.00 ms.
Unloading 2069 Unused Serialized files (Serialized files now loaded: 0)
System memory in use before: 98.2 MB.
System memory in use after: 98.3 MB.

Unloading 15 unused Assets to reduce memory usage. Loaded Objects now: 2648.
Total: 3.935600 ms (FindLiveObjects: 0.671700 ms CreateObjectMapping: 0.245700 ms MarkObjects: 2.978700 ms  DeleteObjects: 0.037400 ms)

========================================================================
Received Prepare
Registering precompiled user dll's ...
Registered in 0.005152 seconds.
Begin MonoManager ReloadAssembly
Native extension for WindowsStandalone target not found
Refreshing native plugins compatible for Editor in 0.55 ms, found 1 plugins.
Preloading 0 native plugins for Editor in 0.00 ms.
Invoked RoslynAnalysisRunner static constructor.
RoslynAnalysisRunner will not be running.
RoslynAnalysisRunner has terminated.
Mono: successfully reloaded assembly
- Completed reload, in  1.553 seconds
Platform modules already initialized, skipping
Refreshing native plugins compatible for Editor in 0.73 ms, found 1 plugins.
Preloading 0 native plugins for Editor in 0.00 ms.
Unloading 2069 Unused Serialized files (Serialized files now loaded: 0)
System memory in use before: 98.2 MB.
System memory in use after: 98.3 MB.

Unloading 13 unused Assets to reduce memory usage. Loaded Objects now: 2652.
Total: 3.332200 ms (FindLiveObjects: 0.292100 ms CreateObjectMapping: 0.090500 ms MarkObjects: 2.905300 ms  DeleteObjects: 0.041500 ms)

========================================================================
Received Prepare
Registering precompiled user dll's ...
Registered in 0.003891 seconds.
Begin MonoManager ReloadAssembly
Native extension for WindowsStandalone target not found
Refreshing native plugins compatible for Editor in 0.39 ms, found 1 plugins.
Preloading 0 native plugins for Editor in 0.00 ms.
Invoked RoslynAnalysisRunner static constructor.
RoslynAnalysisRunner will not be running.
RoslynAnalysisRunner has terminated.
Mono: successfully reloaded assembly
- Completed reload, in  1.034 seconds
Platform modules already initialized, skipping
Refreshing native plugins compatible for Editor in 0.41 ms, found 1 plugins.
Preloading 0 native plugins for Editor in 0.00 ms.
Unloading 2069 Unused Serialized files (Serialized files now loaded: 0)
System memory in use before: 98.2 MB.
System memory in use after: 98.3 MB.

Unloading 13 unused Assets to reduce memory usage. Loaded Objects now: 2656.
Total: 3.183300 ms (FindLiveObjects: 0.520800 ms CreateObjectMapping: 0.102400 ms MarkObjects: 2.519100 ms  DeleteObjects: 0.038800 ms)

========================================================================
Received Prepare
Registering precompiled user dll's ...
Registered in 0.003305 seconds.
Begin MonoManager ReloadAssembly
Native extension for WindowsStandalone target not found
Refreshing native plugins compatible for Editor in 0.41 ms, found 1 plugins.
Preloading 0 native plugins for Editor in 0.00 ms.
Invoked RoslynAnalysisRunner static constructor.
RoslynAnalysisRunner will not be running.
RoslynAnalysisRunner has terminated.
Mono: successfully reloaded assembly
- Completed reload, in  1.065 seconds
Platform modules already initialized, skipping
Refreshing native plugins compatible for Editor in 0.51 ms, found 1 plugins.
Preloading 0 native plugins for Editor in 0.00 ms.
Unloading 2069 Unused Serialized files (Serialized files now loaded: 0)
System memory in use before: 98.2 MB.
System memory in use after: 98.3 MB.

Unloading 13 unused Assets to reduce memory usage. Loaded Objects now: 2660.
Total: 2.716500 ms (FindLiveObjects: 0.234300 ms CreateObjectMapping: 0.082100 ms MarkObjects: 2.345100 ms  DeleteObjects: 0.053500 ms)

========================================================================
Received Prepare
Registering precompiled user dll's ...
Registered in 0.003063 seconds.
Begin MonoManager ReloadAssembly
Native extension for WindowsStandalone target not found
Refreshing native plugins compatible for Editor in 0.39 ms, found 1 plugins.
Preloading 0 native plugins for Editor in 0.00 ms.
Invoked RoslynAnalysisRunner static constructor.
RoslynAnalysisRunner will not be running.
RoslynAnalysisRunner has terminated.
Mono: successfully reloaded assembly
- Completed reload, in  1.041 seconds
Platform modules already initialized, skipping
Refreshing native plugins compatible for Editor in 0.39 ms, found 1 plugins.
Preloading 0 native plugins for Editor in 0.00 ms.
Unloading 2069 Unused Serialized files (Serialized files now loaded: 0)
System memory in use before: 98.2 MB.
System memory in use after: 98.3 MB.

Unloading 13 unused Assets to reduce memory usage. Loaded Objects now: 2664.
Total: 2.515100 ms (FindLiveObjects: 0.225400 ms CreateObjectMapping: 0.084100 ms MarkObjects: 2.186100 ms  DeleteObjects: 0.018500 ms)

========================================================================
Received Prepare
Registering precompiled user dll's ...
Registered in 0.003228 seconds.
Begin MonoManager ReloadAssembly
Native extension for WindowsStandalone target not found
Refreshing native plugins compatible for Editor in 0.41 ms, found 1 plugins.
Preloading 0 native plugins for Editor in 0.00 ms.
Invalid AssetDatabase path: /Editor/EditorResources/cm_logo_sm.png. Use path relative to the project folder.
UnityEngine.StackTraceUtility:ExtractStackTrace ()
UnityEditor.AssetDatabase:LoadAssetAtPath<UnityEngine.Texture2D> (string)
Cinemachine.Editor.CinemachineSettings:get_CinemachineLogoTexture () (at Library/PackageCache/com.unity.cinemachine@2.6.5/Editor/Windows/CinemachineSettings.cs:205)
Cinemachine.Editor.CinemachineSettings:.cctor () (at Library/PackageCache/com.unity.cinemachine@2.6.5/Editor/Windows/CinemachineSettings.cs:237)
Cinemachine.CinemachineColliderPrefs:.cctor () (at Library/PackageCache/com.unity.cinemachine@2.6.5/Editor/Windows/CinemachineColliderPrefs.cs:61)
System.Runtime.CompilerServices.RuntimeHelpers:RunClassConstructor (System.RuntimeTypeHandle)
UnityEditor.EditorAssemblies:ProcessInitializeOnLoadAttributes (System.Type[])

[Library/PackageCache/com.unity.cinemachine@2.6.5/Editor/Windows/CinemachineSettings.cs line 205]

Invoked RoslynAnalysisRunner static constructor.
RoslynAnalysisRunner will not be running.
RoslynAnalysisRunner has terminated.
Mono: successfully reloaded assembly
- Completed reload, in  1.094 seconds
Platform modules already initialized, skipping
Refreshing native plugins compatible for Editor in 0.48 ms, found 1 plugins.
Preloading 0 native plugins for Editor in 0.00 ms.
Unloading 2215 Unused Serialized files (Serialized files now loaded: 0)
System memory in use before: 103.3 MB.
System memory in use after: 103.5 MB.

Unloading 14 unused Assets to reduce memory usage. Loaded Objects now: 2813.
Total: 2.246000 ms (FindLiveObjects: 0.310600 ms CreateObjectMapping: 0.100900 ms MarkObjects: 1.784900 ms  DeleteObjects: 0.048600 ms)

========================================================================
Received Prepare
Registering precompiled user dll's ...
Registered in 0.003218 seconds.
Begin MonoManager ReloadAssembly
Native extension for WindowsStandalone target not found
Refreshing native plugins compatible for Editor in 0.46 ms, found 1 plugins.
Preloading 0 native plugins for Editor in 0.00 ms.
Invoked RoslynAnalysisRunner static constructor.
RoslynAnalysisRunner will not be running.
RoslynAnalysisRunner has terminated.
Mono: successfully reloaded assembly
- Completed reload, in  1.353 seconds
Platform modules already initialized, skipping
Refreshing native plugins compatible for Editor in 0.41 ms, found 1 plugins.
Preloading 0 native plugins for Editor in 0.00 ms.
Unloading 2216 Unused Serialized files (Serialized files now loaded: 0)
System memory in use before: 103.4 MB.
System memory in use after: 103.6 MB.

Unloading 15 unused Assets to reduce memory usage. Loaded Objects now: 2818.
Total: 2.661400 ms (FindLiveObjects: 0.267400 ms CreateObjectMapping: 0.104300 ms MarkObjects: 2.232900 ms  DeleteObjects: 0.055600 ms)

========================================================================
Received Prepare
Registering precompiled user dll's ...
Registered in 0.003142 seconds.
Begin MonoManager ReloadAssembly
Native extension for WindowsStandalone target not found
Refreshing native plugins compatible for Editor in 0.55 ms, found 1 plugins.
Preloading 0 native plugins for Editor in 0.00 ms.
Invoked RoslynAnalysisRunner static constructor.
RoslynAnalysisRunner will not be running.
RoslynAnalysisRunner has terminated.
Mono: successfully reloaded assembly
- Completed reload, in  1.174 seconds
Platform modules already initialized, skipping
Refreshing native plugins compatible for Editor in 0.43 ms, found 1 plugins.
Preloading 0 native plugins for Editor in 0.00 ms.
Unloading 2215 Unused Serialized files (Serialized files now loaded: 0)
System memory in use before: 103.5 MB.
System memory in use after: 103.7 MB.

Unloading 15 unused Assets to reduce memory usage. Loaded Objects now: 2822.
Total: 2.739500 ms (FindLiveObjects: 0.285300 ms CreateObjectMapping: 0.092300 ms MarkObjects: 2.225300 ms  DeleteObjects: 0.135400 ms)

========================================================================
Received Prepare
Registering precompiled user dll's ...
Registered in 0.003622 seconds.
Begin MonoManager ReloadAssembly
Native extension for WindowsStandalone target not found
Refreshing native plugins compatible for Editor in 0.47 ms, found 1 plugins.
Preloading 0 native plugins for Editor in 0.00 ms.
Invoked RoslynAnalysisRunner static constructor.
RoslynAnalysisRunner will not be running.
RoslynAnalysisRunner has terminated.
Mono: successfully reloaded assembly
- Completed reload, in  1.143 seconds
Platform modules already initialized, skipping
Refreshing native plugins compatible for Editor in 0.47 ms, found 1 plugins.
Preloading 0 native plugins for Editor in 0.00 ms.
Unloading 2215 Unused Serialized files (Serialized files now loaded: 0)
System memory in use before: 103.5 MB.
System memory in use after: 103.7 MB.

Unloading 15 unused Assets to reduce memory usage. Loaded Objects now: 2826.
Total: 2.343000 ms (FindLiveObjects: 0.313100 ms CreateObjectMapping: 0.108200 ms MarkObjects: 1.872500 ms  DeleteObjects: 0.047300 ms)

========================================================================
Received Prepare
Registering precompiled user dll's ...
Registered in 0.004989 seconds.
Begin MonoManager ReloadAssembly
Native extension for WindowsStandalone target not found
Refreshing native plugins compatible for Editor in 0.43 ms, found 1 plugins.
Preloading 0 native plugins for Editor in 0.00 ms.
Invoked RoslynAnalysisRunner static constructor.
RoslynAnalysisRunner will not be running.
RoslynAnalysisRunner has terminated.
Mono: successfully reloaded assembly
- Completed reload, in  1.149 seconds
Platform modules already initialized, skipping
Refreshing native plugins compatible for Editor in 0.41 ms, found 1 plugins.
Preloading 0 native plugins for Editor in 0.00 ms.
Unloading 2215 Unused Serialized files (Serialized files now loaded: 0)
System memory in use before: 103.5 MB.
System memory in use after: 103.7 MB.

Unloading 15 unused Assets to reduce memory usage. Loaded Objects now: 2830.
Total: 2.867800 ms (FindLiveObjects: 0.405900 ms CreateObjectMapping: 0.139800 ms MarkObjects: 2.258900 ms  DeleteObjects: 0.061700 ms)

AssetImportWorkerClient::OnTransportError - code=2 error=End of file
